<?xml version="1.0" encoding="UTF-8"?>
<!-- Generated by org.testng.reporters.JUnitReportReporter -->
<testsuite hostname="DESKTOP-6PR4VLF" failures="0" tests="1" name="com.gurutelecom.base.BaseClass" time="12.544" errors="0" timestamp="2022-11-14T17:31:46 IST" skipped="0">
  <testcase classname="com.gurutelecom.base.BaseClass" name="launchApp" time="12.544"/>
  <system-out/>
</testsuite> <!-- com.gurutelecom.base.BaseClass -->
