<?xml version="1.0" encoding="UTF-8"?>
<!-- Generated by org.testng.reporters.JUnitReportReporter -->
<testsuite hostname="DESKTOP-6PR4VLF" failures="0" tests="2" name="com.gurutelecom.testcases.AddCustomerPageTest" time="27.686" errors="0" timestamp="2022-12-12T11:47:29 IST" skipped="0">
  <testcase classname="com.gurutelecom.testcases.AddCustomerPageTest" name="verifyAddNewCustomer" time="13.254"/>
  <system-out/>
  <testcase classname="com.gurutelecom.testcases.AddCustomerPageTest" name="verifyAddNewCustomer" time="14.432"/>
  <system-out/>
</testsuite> <!-- com.gurutelecom.testcases.AddCustomerPageTest -->
